info: user created rsa4gee2
info: user creation failed as rsa4gee2 already exists
info: user tried to login with a unknown username: sage
info: user tried to login with a unknown username: sage
info: user tried to login with a unknown username: sage
info: user tried to login with a unknown username: sage
info: user created 'sage'
info: user creation failed as 'sage' already exists
info: sage logged in
info: sage logged in
info: sage logged in
info: sage logged in
info: user creation failed as 'sage' already exists
info: user creation failed as 'sage' already exists
info: user creation failed as 'sage' already exists
info: sage logged in
info: user creation failed as 'sage' already exists
info: user created 'sage4'
info: sage logged in
info: sage logged in
info: sage logged in
info: sage logged in
info: sage logged in
info: sage logged in
info: sage logged in
info: user creation failed as 'sage' already exists
info: user created 'sage3'
